[31m[Nest] 1960  - [39m04/08/2026, 9:10:57 PM [31m  ERROR[39m [38;5;3m[ExceptionHandler] [39mUnknownDependenciesException [Error]: Nest can't resolve dependencies of the AdminService (?, ProfileRepository, BookingRepository). Please make sure that the argument "UserRepository" at index [0] is available in the AppModule context.

Potential solutions:
- Is AppModule a valid NestJS module?
- If "UserRepository" is a provider, is it part of the current AppModule?
- If "UserRepository" is exported from a separate @Module, is that module imported within AppModule?
  @Module({
    imports: [ /* the Module containing "UserRepository" */ ]
  })

For more common dependency resolution issues, see: https://docs.nestjs.com/faq/common-errors
    at Injector.lookupComponentInParentModules [90m(D:\advanced_web_tech_project_personal\[39mnode_modules\[4m@nestjs\core[24m\injector\injector.js:290:19[90m)[39m
    at async resolveParam [90m(D:\advanced_web_tech_project_personal\[39mnode_modules\[4m@nestjs\core[24m\injector\injector.js:140:38[90m)[39m
    at async Promise.all (index 0)
    at async Injector.resolveConstructorParams [90m(D:\advanced_web_tech_project_personal\[39mnode_modules\[4m@nestjs\core[24m\injector\injector.js:169:27[90m)[39m
    at async Injector.loadInstance [90m(D:\advanced_web_tech_project_personal\[39mnode_modules\[4m@nestjs\core[24m\injector\injector.js:75:13[90m)[39m
    at async Injector.loadProvider [90m(D:\advanced_web_tech_project_personal\[39mnode_modules\[4m@nestjs\core[24m\injector\injector.js:103:9[90m)[39m
    at async [90mD:\advanced_web_tech_project_personal\[39mnode_modules\[4m@nestjs\core[24m\injector\instance-loader.js:56:13
    at async Promise.all (index 4)
    at async InstanceLoader.createInstancesOfProviders [90m(D:\advanced_web_tech_project_personal\[39mnode_modules\[4m@nestjs\core[24m\injector\instance-loader.js:55:9[90m)[39m
    at async [90mD:\advanced_web_tech_project_personal\[39mnode_modules\[4m@nestjs\core[24m\injector\instance-loader.js:40:13 {
  type: [32m'AdminService'[39m,
  context: {
    index: [33m0[39m,
    dependencies: [
      [32m'UserRepository'[39m,
      [32m'ProfileRepository'[39m,
      [32m'BookingRepository'[39m
    ],
    name: [32m'UserRepository'[39m
  },
  metadata: {
    id: [32m'0f7a263d0406191d68395'[39m
  },
  moduleRef: {
    id: [32m'627261c7d9938b4d664d8'[39m
  }
}
